<?xml version="1.0" encoding="UTF-8"?>
<!-- Generated by org.testng.reporters.JUnitReportReporter -->
<testsuite hostname="LAPTOP-1UE5VR8G" failures="0" tests="2" name="api_test.GetTestWithPathVariable" time="1.628" errors="0" timestamp="2021-09-10T22:04:31 EDT" skipped="0">
  <testcase classname="api_test.GetTestWithPathVariable" name="getSingleUser" time="0.400"/>
  <system-out/>
  <testcase classname="api_test.GetTestWithPathVariable" name="attemptToGetUserWithInvalidId" time="1.228"/>
  <system-out/>
</testsuite> <!-- api_test.GetTestWithPathVariable -->
