<?xml version="1.0" encoding="UTF-8"?>
<!-- Generated by org.testng.reporters.JUnitReportReporter -->
<testsuite hostname="LAPTOP-1UE5VR8G" failures="0" tests="1" name="api_test.SimplePutTest" time="0.307" errors="0" timestamp="2021-09-10T22:04:31 EDT" skipped="0">
  <testcase classname="api_test.SimplePutTest" name="UpdateUserFields" time="0.307"/>
  <system-out/>
</testsuite> <!-- api_test.SimplePutTest -->
