<?xml version="1.0" encoding="UTF-8"?>
<!-- Generated by org.testng.reporters.JUnitReportReporter -->
<testsuite hostname="LAPTOP-1UE5VR8G" failures="0" tests="1" name="automation_test.php_travel.ValidatePHPTravelWebTitle" time="2.482" errors="0" timestamp="2021-09-10T22:04:31 EDT" skipped="0">
  <testcase classname="automation_test.php_travel.ValidatePHPTravelWebTitle" name="verifyHomePageTitle" time="2.482"/>
  <system-out/>
</testsuite> <!-- automation_test.php_travel.ValidatePHPTravelWebTitle -->
