<?xml version="1.0" encoding="UTF-8"?>
<!-- Generated by org.testng.reporters.JUnitReportReporter -->
<testsuite hostname="LAPTOP-1UE5VR8G" failures="0" tests="1" name="automation_test.mortgage_calculator.CalculateMonthlyPayment" time="7.588" errors="0" timestamp="2021-09-10T22:04:31 EDT" skipped="0">
  <testcase classname="automation_test.mortgage_calculator.CalculateMonthlyPayment" name="calculateMonthlyPayment" time="7.588"/>
  <system-out/>
</testsuite> <!-- automation_test.mortgage_calculator.CalculateMonthlyPayment -->
